Using pre-set license
Built from '2020.3/staging' branch; Version is '2020.3.11f1 (99c7afb366b3) revision 10078127'; Using compiler version '192528614'; Build Type 'Release'
OS: 'Windows 10 Home Single Language; OS build 18363.1556; Version 1909; 64bit' Language: 'ru' Physical Memory: 7103 MB
BatchMode: 1, IsHumanControllingUs: 0, StartBugReporterOnCrash: 0, Is64bit: 1, IsPro: 0

 COMMAND LINE ARGUMENTS:
D:\Unity\2020.3.11f1\Editor\Unity.exe
-adb2
-batchMode
-noUpm
-name
AssetImportWorker0
-projectPath
D:/unity project/SnakeVsBlocks
-logFile
Logs/AssetImportWorker0.log
-srvPort
56294
Successfully changed project path to: D:/unity project/SnakeVsBlocks
D:/unity project/SnakeVsBlocks
Using Asset Import Pipeline V2.
Refreshing native plugins compatible for Editor in 84.33 ms, found 3 plugins.
Preloading 0 native plugins for Editor in 0.00 ms.
Initialize engine version: 2020.3.11f1 (99c7afb366b3)
[Subsystems] Discovering subsystems at path D:/Unity/2020.3.11f1/Editor/Data/Resources/UnitySubsystems
[Subsystems] Discovering subsystems at path D:/unity project/SnakeVsBlocks/Assets
GfxDevice: creating device client; threaded=0
Direct3D:
    Version:  Direct3D 11.0 [level 11.1]
    Renderer: AMD Radeon(TM) Vega 8 Graphics (ID=0x15d8)
    Vendor:   
    VRAM:     3551 MB
    Driver:   26.20.11030.22001
Initialize mono
Mono path[0] = 'D:/Unity/2020.3.11f1/Editor/Data/Managed'
Mono path[1] = 'D:/Unity/2020.3.11f1/Editor/Data/MonoBleedingEdge/lib/mono/unityjit'
Mono config path = 'D:/Unity/2020.3.11f1/Editor/Data/MonoBleedingEdge/etc'
Using monoOptions --debugger-agent=transport=dt_socket,embedding=1,server=y,suspend=n,address=127.0.0.1:56176
Begin MonoManager ReloadAssembly
Registering precompiled unity dll's ...
Register platform support module: D:/Unity/2020.3.11f1/Editor/Data/PlaybackEngines/WindowsStandaloneSupport/UnityEditor.WindowsStandalone.Extensions.dll
Registered in 0.001571 seconds.
Native extension for WindowsStandalone target not found
Refreshing native plugins compatible for Editor in 126.35 ms, found 3 plugins.
Preloading 0 native plugins for Editor in 0.00 ms.
Mono: successfully reloaded assembly
- Completed reload, in  3.617 seconds
Platform modules already initialized, skipping
Registering precompiled user dll's ...
Registered in 0.005355 seconds.
Begin MonoManager ReloadAssembly
Native extension for WindowsStandalone target not found
Refreshing native plugins compatible for Editor in 96.58 ms, found 3 plugins.
Preloading 0 native plugins for Editor in 0.00 ms.
Mono: successfully reloaded assembly
- Completed reload, in  2.479 seconds
Platform modules already initialized, skipping
========================================================================
Worker process is ready to serve import requests
Launched and connected shader compiler UnityShaderCompiler.exe after 0.14 seconds
Refreshing native plugins compatible for Editor in 1.58 ms, found 3 plugins.
Preloading 0 native plugins for Editor in 0.00 ms.
Unloading 2207 Unused Serialized files (Serialized files now loaded: 0)
System memory in use before: 97.9 MB.
System memory in use after: 98.0 MB.

Unloading 41 unused Assets to reduce memory usage. Loaded Objects now: 2633.
Total: 6.951600 ms (FindLiveObjects: 0.688100 ms CreateObjectMapping: 0.350700 ms MarkObjects: 5.740300 ms  DeleteObjects: 0.170200 ms)

========================================================================
Received Import Request.
  path: Assets/Scripts/Spawner/Spawner.cs
  artifactKey: Guid(67b2c4e1c77b45844bb811a30c856310) Importer(815301076,1909f56bfc062723c751e8b465ee728b)
Start importing Assets/Scripts/Spawner/Spawner.cs using Guid(67b2c4e1c77b45844bb811a30c856310) Importer(815301076,1909f56bfc062723c751e8b465ee728b)  -> (artifact id: '5fb5eea6c80f21a47e4e173ae85417d2') in 0.050221 seconds
  Import took 0.056438 seconds .

========================================================================
Received Import Request.
  Time since last request: 49.824833 seconds.
  path: Assets/Scripts/Spawner/Spawner.cs
  artifactKey: Guid(67b2c4e1c77b45844bb811a30c856310) Importer(815301076,1909f56bfc062723c751e8b465ee728b)
Start importing Assets/Scripts/Spawner/Spawner.cs using Guid(67b2c4e1c77b45844bb811a30c856310) Importer(815301076,1909f56bfc062723c751e8b465ee728b)  -> (artifact id: '2f22b2eff75db867ca68abbef62fa0e7') in 0.030796 seconds
  Import took 0.042116 seconds .

========================================================================
Received Prepare
Registering precompiled user dll's ...
Registered in 0.006192 seconds.
Begin MonoManager ReloadAssembly
Native extension for WindowsStandalone target not found
Refreshing native plugins compatible for Editor in 1.20 ms, found 3 plugins.
Preloading 0 native plugins for Editor in 0.00 ms.
Mono: successfully reloaded assembly
- Completed reload, in  2.218 seconds
Platform modules already initialized, skipping
Refreshing native plugins compatible for Editor in 1.11 ms, found 3 plugins.
Preloading 0 native plugins for Editor in 0.00 ms.
Unloading 2184 Unused Serialized files (Serialized files now loaded: 0)
System memory in use before: 96.1 MB.
System memory in use after: 96.2 MB.

Unloading 29 unused Assets to reduce memory usage. Loaded Objects now: 2637.
Total: 4.095500 ms (FindLiveObjects: 0.345300 ms CreateObjectMapping: 0.081500 ms MarkObjects: 3.625200 ms  DeleteObjects: 0.041500 ms)

========================================================================
Received Prepare
Registering precompiled user dll's ...
Registered in 0.009163 seconds.
Begin MonoManager ReloadAssembly
Native extension for WindowsStandalone target not found
Refreshing native plugins compatible for Editor in 0.97 ms, found 3 plugins.
Preloading 0 native plugins for Editor in 0.00 ms.
Mono: successfully reloaded assembly
- Completed reload, in  2.219 seconds
Platform modules already initialized, skipping
Refreshing native plugins compatible for Editor in 1.13 ms, found 3 plugins.
Preloading 0 native plugins for Editor in 0.00 ms.
Unloading 2184 Unused Serialized files (Serialized files now loaded: 0)
System memory in use before: 96.2 MB.
System memory in use after: 96.3 MB.

Unloading 29 unused Assets to reduce memory usage. Loaded Objects now: 2641.
Total: 3.506600 ms (FindLiveObjects: 0.320100 ms CreateObjectMapping: 0.070200 ms MarkObjects: 3.063300 ms  DeleteObjects: 0.050500 ms)

========================================================================
Received Import Request.
  Time since last request: 133.001095 seconds.
  path: Assets/Scripts/Spawner/Spawner.cs
  artifactKey: Guid(67b2c4e1c77b45844bb811a30c856310) Importer(815301076,1909f56bfc062723c751e8b465ee728b)
Start importing Assets/Scripts/Spawner/Spawner.cs using Guid(67b2c4e1c77b45844bb811a30c856310) Importer(815301076,1909f56bfc062723c751e8b465ee728b)  -> (artifact id: 'c97c5e694c75b524a0e5649ebf60fc0e') in 0.007927 seconds
  Import took 0.022133 seconds .

========================================================================
Received Prepare
Registering precompiled user dll's ...
Registered in 0.007205 seconds.
Begin MonoManager ReloadAssembly
Native extension for WindowsStandalone target not found
Refreshing native plugins compatible for Editor in 0.89 ms, found 3 plugins.
Preloading 0 native plugins for Editor in 0.00 ms.
Mono: successfully reloaded assembly
- Completed reload, in  1.964 seconds
Platform modules already initialized, skipping
Refreshing native plugins compatible for Editor in 1.26 ms, found 3 plugins.
Preloading 0 native plugins for Editor in 0.00 ms.
Unloading 2184 Unused Serialized files (Serialized files now loaded: 0)
System memory in use before: 96.2 MB.
System memory in use after: 96.3 MB.

Unloading 29 unused Assets to reduce memory usage. Loaded Objects now: 2645.
Total: 3.998200 ms (FindLiveObjects: 0.370900 ms CreateObjectMapping: 0.069300 ms MarkObjects: 3.521700 ms  DeleteObjects: 0.034500 ms)

========================================================================
Received Import Request.
  Time since last request: 36.504852 seconds.
  path: Assets/Scripts/Spawner/Spawner.cs
  artifactKey: Guid(67b2c4e1c77b45844bb811a30c856310) Importer(815301076,1909f56bfc062723c751e8b465ee728b)
Start importing Assets/Scripts/Spawner/Spawner.cs using Guid(67b2c4e1c77b45844bb811a30c856310) Importer(815301076,1909f56bfc062723c751e8b465ee728b)  -> (artifact id: 'cb52562231f1c0078e55d71169d61a83') in 0.008049 seconds
  Import took 0.022456 seconds .

========================================================================
Received Prepare
Registering precompiled user dll's ...
Registered in 0.005439 seconds.
Begin MonoManager ReloadAssembly
Native extension for WindowsStandalone target not found
Refreshing native plugins compatible for Editor in 1.72 ms, found 3 plugins.
Preloading 0 native plugins for Editor in 0.00 ms.
Mono: successfully reloaded assembly
- Completed reload, in  1.944 seconds
Platform modules already initialized, skipping
Refreshing native plugins compatible for Editor in 1.17 ms, found 3 plugins.
Preloading 0 native plugins for Editor in 0.00 ms.
Unloading 2184 Unused Serialized files (Serialized files now loaded: 0)
System memory in use before: 96.2 MB.
System memory in use after: 96.3 MB.

Unloading 29 unused Assets to reduce memory usage. Loaded Objects now: 2649.
Total: 3.483700 ms (FindLiveObjects: 0.396100 ms CreateObjectMapping: 0.122200 ms MarkObjects: 2.925700 ms  DeleteObjects: 0.037400 ms)

========================================================================
Received Prepare
Registering precompiled user dll's ...
Registered in 0.004688 seconds.
Begin MonoManager ReloadAssembly
Native extension for WindowsStandalone target not found
Refreshing native plugins compatible for Editor in 1.27 ms, found 3 plugins.
Preloading 0 native plugins for Editor in 0.00 ms.
Mono: successfully reloaded assembly
- Completed reload, in  1.834 seconds
Platform modules already initialized, skipping
Refreshing native plugins compatible for Editor in 2.30 ms, found 3 plugins.
Preloading 0 native plugins for Editor in 0.00 ms.
Unloading 2184 Unused Serialized files (Serialized files now loaded: 0)
System memory in use before: 96.2 MB.
System memory in use after: 96.3 MB.

Unloading 29 unused Assets to reduce memory usage. Loaded Objects now: 2653.
Total: 6.789400 ms (FindLiveObjects: 0.475000 ms CreateObjectMapping: 0.143600 ms MarkObjects: 6.103700 ms  DeleteObjects: 0.063800 ms)

========================================================================
Received Prepare
Registering precompiled user dll's ...
Registered in 0.012712 seconds.
Begin MonoManager ReloadAssembly
Native extension for WindowsStandalone target not found
Refreshing native plugins compatible for Editor in 0.87 ms, found 3 plugins.
Preloading 0 native plugins for Editor in 0.00 ms.
Mono: successfully reloaded assembly
- Completed reload, in  2.145 seconds
Platform modules already initialized, skipping
Refreshing native plugins compatible for Editor in 1.50 ms, found 3 plugins.
Preloading 0 native plugins for Editor in 0.00 ms.
Unloading 2184 Unused Serialized files (Serialized files now loaded: 0)
System memory in use before: 96.2 MB.
System memory in use after: 96.4 MB.

Unloading 29 unused Assets to reduce memory usage. Loaded Objects now: 2657.
Total: 5.979300 ms (FindLiveObjects: 0.466400 ms CreateObjectMapping: 0.136700 ms MarkObjects: 5.314300 ms  DeleteObjects: 0.058600 ms)

========================================================================
Received Prepare
Registering precompiled user dll's ...
Registered in 0.004786 seconds.
Begin MonoManager ReloadAssembly
Native extension for WindowsStandalone target not found
Refreshing native plugins compatible for Editor in 0.88 ms, found 3 plugins.
Preloading 0 native plugins for Editor in 0.00 ms.
Mono: successfully reloaded assembly
- Completed reload, in  2.464 seconds
Platform modules already initialized, skipping
Refreshing native plugins compatible for Editor in 0.83 ms, found 3 plugins.
Preloading 0 native plugins for Editor in 0.00 ms.
Unloading 2184 Unused Serialized files (Serialized files now loaded: 0)
System memory in use before: 96.2 MB.
System memory in use after: 96.4 MB.

Unloading 29 unused Assets to reduce memory usage. Loaded Objects now: 2661.
Total: 4.190000 ms (FindLiveObjects: 0.370400 ms CreateObjectMapping: 0.068500 ms MarkObjects: 3.712100 ms  DeleteObjects: 0.036300 ms)

========================================================================
Received Prepare
Registering precompiled user dll's ...
Registered in 0.003935 seconds.
Begin MonoManager ReloadAssembly
Native extension for WindowsStandalone target not found
Refreshing native plugins compatible for Editor in 1.51 ms, found 3 plugins.
Preloading 0 native plugins for Editor in 0.00 ms.
Mono: successfully reloaded assembly
- Completed reload, in  2.431 seconds
Platform modules already initialized, skipping
Refreshing native plugins compatible for Editor in 0.83 ms, found 3 plugins.
Preloading 0 native plugins for Editor in 0.00 ms.
Unloading 2184 Unused Serialized files (Serialized files now loaded: 0)
System memory in use before: 96.3 MB.
System memory in use after: 96.4 MB.

Unloading 29 unused Assets to reduce memory usage. Loaded Objects now: 2665.
Total: 3.523000 ms (FindLiveObjects: 0.314000 ms CreateObjectMapping: 0.060100 ms MarkObjects: 3.107800 ms  DeleteObjects: 0.039200 ms)

========================================================================
Received Prepare
Registering precompiled user dll's ...
Registered in 0.005457 seconds.
Begin MonoManager ReloadAssembly
Native extension for WindowsStandalone target not found
Refreshing native plugins compatible for Editor in 1.49 ms, found 3 plugins.
Preloading 0 native plugins for Editor in 0.00 ms.
Mono: successfully reloaded assembly
- Completed reload, in  1.986 seconds
Platform modules already initialized, skipping
Refreshing native plugins compatible for Editor in 0.96 ms, found 3 plugins.
Preloading 0 native plugins for Editor in 0.00 ms.
Unloading 2184 Unused Serialized files (Serialized files now loaded: 0)
System memory in use before: 96.3 MB.
System memory in use after: 96.4 MB.

Unloading 29 unused Assets to reduce memory usage. Loaded Objects now: 2669.
Total: 3.664800 ms (FindLiveObjects: 0.341500 ms CreateObjectMapping: 0.065300 ms MarkObjects: 3.219200 ms  DeleteObjects: 0.036700 ms)

========================================================================
Received Prepare
Registering precompiled user dll's ...
Registered in 0.008979 seconds.
Begin MonoManager ReloadAssembly
Native extension for WindowsStandalone target not found
Refreshing native plugins compatible for Editor in 0.96 ms, found 3 plugins.
Preloading 0 native plugins for Editor in 0.00 ms.
Mono: successfully reloaded assembly
- Completed reload, in  1.981 seconds
Platform modules already initialized, skipping
Refreshing native plugins compatible for Editor in 0.91 ms, found 3 plugins.
Preloading 0 native plugins for Editor in 0.00 ms.
Unloading 2184 Unused Serialized files (Serialized files now loaded: 0)
System memory in use before: 96.3 MB.
System memory in use after: 96.4 MB.

Unloading 29 unused Assets to reduce memory usage. Loaded Objects now: 2673.
Total: 3.272600 ms (FindLiveObjects: 0.308600 ms CreateObjectMapping: 0.072700 ms MarkObjects: 2.853100 ms  DeleteObjects: 0.036500 ms)

========================================================================
Received Prepare
Registering precompiled user dll's ...
Registered in 0.004531 seconds.
Begin MonoManager ReloadAssembly
Native extension for WindowsStandalone target not found
Refreshing native plugins compatible for Editor in 1.64 ms, found 3 plugins.
Preloading 0 native plugins for Editor in 0.00 ms.
Mono: successfully reloaded assembly
- Completed reload, in  2.503 seconds
Platform modules already initialized, skipping
Refreshing native plugins compatible for Editor in 1.66 ms, found 3 plugins.
Preloading 0 native plugins for Editor in 0.00 ms.
Unloading 2184 Unused Serialized files (Serialized files now loaded: 0)
System memory in use before: 96.3 MB.
System memory in use after: 96.4 MB.

Unloading 29 unused Assets to reduce memory usage. Loaded Objects now: 2677.
Total: 6.229300 ms (FindLiveObjects: 0.441100 ms CreateObjectMapping: 0.134000 ms MarkObjects: 5.587400 ms  DeleteObjects: 0.063400 ms)

========================================================================
Received Prepare
Registering precompiled user dll's ...
Registered in 0.004375 seconds.
Begin MonoManager ReloadAssembly
Native extension for WindowsStandalone target not found
Refreshing native plugins compatible for Editor in 1.09 ms, found 3 plugins.
Preloading 0 native plugins for Editor in 0.00 ms.
Mono: successfully reloaded assembly
- Completed reload, in  1.789 seconds
Platform modules already initialized, skipping
Refreshing native plugins compatible for Editor in 1.38 ms, found 3 plugins.
Preloading 0 native plugins for Editor in 0.00 ms.
Unloading 2184 Unused Serialized files (Serialized files now loaded: 0)
System memory in use before: 96.3 MB.
System memory in use after: 96.4 MB.

Unloading 29 unused Assets to reduce memory usage. Loaded Objects now: 2681.
Total: 3.865500 ms (FindLiveObjects: 0.506100 ms CreateObjectMapping: 0.121900 ms MarkObjects: 3.195300 ms  DeleteObjects: 0.039300 ms)

========================================================================
Received Prepare
Registering precompiled user dll's ...
Registered in 0.003993 seconds.
Begin MonoManager ReloadAssembly
Native extension for WindowsStandalone target not found
Refreshing native plugins compatible for Editor in 0.85 ms, found 3 plugins.
Preloading 0 native plugins for Editor in 0.00 ms.
Mono: successfully reloaded assembly
- Completed reload, in  1.905 seconds
Platform modules already initialized, skipping
Refreshing native plugins compatible for Editor in 0.99 ms, found 3 plugins.
Preloading 0 native plugins for Editor in 0.00 ms.
Unloading 2184 Unused Serialized files (Serialized files now loaded: 0)
System memory in use before: 96.3 MB.
System memory in use after: 96.4 MB.

Unloading 29 unused Assets to reduce memory usage. Loaded Objects now: 2685.
Total: 4.745600 ms (FindLiveObjects: 0.344000 ms CreateObjectMapping: 0.095000 ms MarkObjects: 4.272100 ms  DeleteObjects: 0.032600 ms)

========================================================================
Received Import Request.
  Time since last request: 648.776108 seconds.
  path: Assets/Scripts/Spawner/BonusPoint.cs
  artifactKey: Guid(a371302870d5f8344b65b4f4da0f381b) Importer(815301076,1909f56bfc062723c751e8b465ee728b)
Start importing Assets/Scripts/Spawner/BonusPoint.cs using Guid(a371302870d5f8344b65b4f4da0f381b) Importer(815301076,1909f56bfc062723c751e8b465ee728b)  -> (artifact id: 'd8bdbae5a9c90c19eb7c88624751d549') in 0.019610 seconds
  Import took 0.028174 seconds .

========================================================================
Received Prepare
Registering precompiled user dll's ...
Registered in 0.006962 seconds.
Begin MonoManager ReloadAssembly
Native extension for WindowsStandalone target not found
Refreshing native plugins compatible for Editor in 1.32 ms, found 3 plugins.
Preloading 0 native plugins for Editor in 0.00 ms.
Mono: successfully reloaded assembly
- Completed reload, in  1.842 seconds
Platform modules already initialized, skipping
Refreshing native plugins compatible for Editor in 0.94 ms, found 3 plugins.
Preloading 0 native plugins for Editor in 0.00 ms.
Unloading 2185 Unused Serialized files (Serialized files now loaded: 0)
System memory in use before: 96.3 MB.
System memory in use after: 96.4 MB.

Unloading 29 unused Assets to reduce memory usage. Loaded Objects now: 2690.
Total: 5.470100 ms (FindLiveObjects: 0.347000 ms CreateObjectMapping: 0.073300 ms MarkObjects: 4.994400 ms  DeleteObjects: 0.052900 ms)

========================================================================
Received Prepare
Registering precompiled user dll's ...
Registered in 0.018420 seconds.
Begin MonoManager ReloadAssembly
Native extension for WindowsStandalone target not found
Refreshing native plugins compatible for Editor in 0.89 ms, found 3 plugins.
Preloading 0 native plugins for Editor in 0.00 ms.
Mono: successfully reloaded assembly
- Completed reload, in  2.195 seconds
Platform modules already initialized, skipping
Refreshing native plugins compatible for Editor in 0.89 ms, found 3 plugins.
Preloading 0 native plugins for Editor in 0.00 ms.
Unloading 2185 Unused Serialized files (Serialized files now loaded: 0)
System memory in use before: 96.3 MB.
System memory in use after: 96.5 MB.

Unloading 29 unused Assets to reduce memory usage. Loaded Objects now: 2694.
Total: 7.609800 ms (FindLiveObjects: 1.006400 ms CreateObjectMapping: 0.451700 ms MarkObjects: 5.972900 ms  DeleteObjects: 0.174800 ms)

========================================================================
Received Import Request.
  Time since last request: 259.416923 seconds.
  path: Assets/Scripts/Spawner/BonusPoint.cs
  artifactKey: Guid(a371302870d5f8344b65b4f4da0f381b) Importer(815301076,1909f56bfc062723c751e8b465ee728b)
Start importing Assets/Scripts/Spawner/BonusPoint.cs using Guid(a371302870d5f8344b65b4f4da0f381b) Importer(815301076,1909f56bfc062723c751e8b465ee728b)  -> (artifact id: '8072216380d0705c0825b1b7717008dc') in 0.035199 seconds
  Import took 0.045615 seconds .

========================================================================
Received Prepare
Registering precompiled user dll's ...
Registered in 0.006048 seconds.
Begin MonoManager ReloadAssembly
Native extension for WindowsStandalone target not found
Refreshing native plugins compatible for Editor in 0.85 ms, found 3 plugins.
Preloading 0 native plugins for Editor in 0.00 ms.
Mono: successfully reloaded assembly
- Completed reload, in  1.947 seconds
Platform modules already initialized, skipping
Refreshing native plugins compatible for Editor in 1.49 ms, found 3 plugins.
Preloading 0 native plugins for Editor in 0.00 ms.
Unloading 2185 Unused Serialized files (Serialized files now loaded: 0)
System memory in use before: 96.3 MB.
System memory in use after: 96.5 MB.

Unloading 29 unused Assets to reduce memory usage. Loaded Objects now: 2698.
Total: 7.705200 ms (FindLiveObjects: 0.678700 ms CreateObjectMapping: 0.212700 ms MarkObjects: 6.752000 ms  DeleteObjects: 0.057100 ms)

========================================================================
Received Import Request.
  Time since last request: 64.747276 seconds.
  path: Assets/Scripts/Spawner/BonusPoint.cs
  artifactKey: Guid(a371302870d5f8344b65b4f4da0f381b) Importer(815301076,1909f56bfc062723c751e8b465ee728b)
Start importing Assets/Scripts/Spawner/BonusPoint.cs using Guid(a371302870d5f8344b65b4f4da0f381b) Importer(815301076,1909f56bfc062723c751e8b465ee728b)  -> (artifact id: 'e05190baec47ed9e6cd137154c28568a') in 0.021707 seconds
  Import took 0.038661 seconds .

========================================================================
Received Import Request.
  Time since last request: 17.693119 seconds.
  path: Assets/Prefabs/SegmentBonus.prefab
  artifactKey: Guid(72fb0417a7ab34d4b8a87c4efd3ec1a5) Importer(815301076,1909f56bfc062723c751e8b465ee728b)
Start importing Assets/Prefabs/SegmentBonus.prefab using Guid(72fb0417a7ab34d4b8a87c4efd3ec1a5) Importer(815301076,1909f56bfc062723c751e8b465ee728b)  -> (artifact id: 'a0d249feaa43b6c817231898622751f3') in 0.272126 seconds
  Import took 0.281634 seconds .

========================================================================
Received Prepare
Registering precompiled user dll's ...
Registered in 0.004421 seconds.
Begin MonoManager ReloadAssembly
Native extension for WindowsStandalone target not found
Refreshing native plugins compatible for Editor in 0.91 ms, found 3 plugins.
Preloading 0 native plugins for Editor in 0.00 ms.
Mono: successfully reloaded assembly
- Completed reload, in  1.813 seconds
Platform modules already initialized, skipping
Refreshing native plugins compatible for Editor in 0.91 ms, found 3 plugins.
Preloading 0 native plugins for Editor in 0.00 ms.
Unloading 2185 Unused Serialized files (Serialized files now loaded: 0)
System memory in use before: 99.4 MB.
System memory in use after: 99.6 MB.

Unloading 29 unused Assets to reduce memory usage. Loaded Objects now: 2709.
Total: 4.837600 ms (FindLiveObjects: 0.359800 ms CreateObjectMapping: 0.085800 ms MarkObjects: 4.344400 ms  DeleteObjects: 0.045100 ms)

========================================================================
Received Prepare
Registering precompiled user dll's ...
Registered in 0.005901 seconds.
Begin MonoManager ReloadAssembly
Native extension for WindowsStandalone target not found
Refreshing native plugins compatible for Editor in 1.24 ms, found 3 plugins.
Preloading 0 native plugins for Editor in 0.00 ms.
Mono: successfully reloaded assembly
- Completed reload, in  2.396 seconds
Platform modules already initialized, skipping
Refreshing native plugins compatible for Editor in 0.84 ms, found 3 plugins.
Preloading 0 native plugins for Editor in 0.00 ms.
Unloading 2185 Unused Serialized files (Serialized files now loaded: 0)
System memory in use before: 99.4 MB.
System memory in use after: 99.6 MB.

Unloading 29 unused Assets to reduce memory usage. Loaded Objects now: 2713.
Total: 3.690400 ms (FindLiveObjects: 0.321600 ms CreateObjectMapping: 0.089700 ms MarkObjects: 3.245400 ms  DeleteObjects: 0.032000 ms)

========================================================================
Received Prepare
Registering precompiled user dll's ...
Registered in 0.004771 seconds.
Begin MonoManager ReloadAssembly
Native extension for WindowsStandalone target not found
Refreshing native plugins compatible for Editor in 2.49 ms, found 3 plugins.
Preloading 0 native plugins for Editor in 0.00 ms.
Mono: successfully reloaded assembly
- Completed reload, in  2.112 seconds
Platform modules already initialized, skipping
Refreshing native plugins compatible for Editor in 1.35 ms, found 3 plugins.
Preloading 0 native plugins for Editor in 0.00 ms.
Unloading 2185 Unused Serialized files (Serialized files now loaded: 0)
System memory in use before: 99.4 MB.
System memory in use after: 99.6 MB.

Unloading 29 unused Assets to reduce memory usage. Loaded Objects now: 2717.
Total: 3.273100 ms (FindLiveObjects: 0.339600 ms CreateObjectMapping: 0.066400 ms MarkObjects: 2.828700 ms  DeleteObjects: 0.036500 ms)

========================================================================
Received Import Request.
  Time since last request: 326.439298 seconds.
  path: Assets/Prefabs/SegmentBonus.prefab
  artifactKey: Guid(72fb0417a7ab34d4b8a87c4efd3ec1a5) Importer(815301076,1909f56bfc062723c751e8b465ee728b)
Start importing Assets/Prefabs/SegmentBonus.prefab using Guid(72fb0417a7ab34d4b8a87c4efd3ec1a5) Importer(815301076,1909f56bfc062723c751e8b465ee728b)  -> (artifact id: '411b4037f259bdf799d5e7f8f7bc3097') in 0.300420 seconds
  Import took 0.311010 seconds .

========================================================================
Received Prepare
Registering precompiled user dll's ...
Registered in 0.006770 seconds.
Begin MonoManager ReloadAssembly
Native extension for WindowsStandalone target not found
Refreshing native plugins compatible for Editor in 1.70 ms, found 3 plugins.
Preloading 0 native plugins for Editor in 0.00 ms.
Mono: successfully reloaded assembly
- Completed reload, in  2.148 seconds
Platform modules already initialized, skipping
Refreshing native plugins compatible for Editor in 1.57 ms, found 3 plugins.
Preloading 0 native plugins for Editor in 0.00 ms.
Unloading 2185 Unused Serialized files (Serialized files now loaded: 0)
System memory in use before: 99.4 MB.
System memory in use after: 99.7 MB.

Unloading 29 unused Assets to reduce memory usage. Loaded Objects now: 2722.
Total: 3.882000 ms (FindLiveObjects: 0.486100 ms CreateObjectMapping: 0.190600 ms MarkObjects: 3.168000 ms  DeleteObjects: 0.034600 ms)

========================================================================
Received Prepare
Registering precompiled user dll's ...
Registered in 0.008508 seconds.
Begin MonoManager ReloadAssembly
Native extension for WindowsStandalone target not found
Refreshing native plugins compatible for Editor in 0.97 ms, found 3 plugins.
Preloading 0 native plugins for Editor in 0.00 ms.
Mono: successfully reloaded assembly
- Completed reload, in  1.931 seconds
Platform modules already initialized, skipping
Refreshing native plugins compatible for Editor in 1.57 ms, found 3 plugins.
Preloading 0 native plugins for Editor in 0.00 ms.
Unloading 2185 Unused Serialized files (Serialized files now loaded: 0)
System memory in use before: 99.4 MB.
System memory in use after: 99.7 MB.

Unloading 29 unused Assets to reduce memory usage. Loaded Objects now: 2726.
Total: 5.390600 ms (FindLiveObjects: 0.482800 ms CreateObjectMapping: 0.160200 ms MarkObjects: 4.705600 ms  DeleteObjects: 0.039600 ms)

========================================================================
Received Prepare
Registering precompiled user dll's ...
Registered in 0.006320 seconds.
Begin MonoManager ReloadAssembly
Native extension for WindowsStandalone target not found
Refreshing native plugins compatible for Editor in 0.91 ms, found 3 plugins.
Preloading 0 native plugins for Editor in 0.00 ms.
Mono: successfully reloaded assembly
- Completed reload, in  2.298 seconds
Platform modules already initialized, skipping
Refreshing native plugins compatible for Editor in 0.86 ms, found 3 plugins.
Preloading 0 native plugins for Editor in 0.00 ms.
Unloading 2185 Unused Serialized files (Serialized files now loaded: 0)
System memory in use before: 99.5 MB.
System memory in use after: 99.7 MB.

Unloading 29 unused Assets to reduce memory usage. Loaded Objects now: 2730.
Total: 5.207000 ms (FindLiveObjects: 0.508200 ms CreateObjectMapping: 0.130600 ms MarkObjects: 4.499500 ms  DeleteObjects: 0.065800 ms)

========================================================================
Received Import Request.
  Time since last request: 155.266102 seconds.
  path: Assets/Prefabs/SegmentBonus.prefab
  artifactKey: Guid(72fb0417a7ab34d4b8a87c4efd3ec1a5) Importer(815301076,1909f56bfc062723c751e8b465ee728b)
Start importing Assets/Prefabs/SegmentBonus.prefab using Guid(72fb0417a7ab34d4b8a87c4efd3ec1a5) Importer(815301076,1909f56bfc062723c751e8b465ee728b)  -> (artifact id: '11270a5baa80d00cd752fd6bf90834d5') in 0.207418 seconds
  Import took 0.215655 seconds .

========================================================================
Received Prepare
Registering precompiled user dll's ...
Registered in 0.004181 seconds.
Begin MonoManager ReloadAssembly
Native extension for WindowsStandalone target not found
Refreshing native plugins compatible for Editor in 0.95 ms, found 3 plugins.
Preloading 0 native plugins for Editor in 0.00 ms.
Mono: successfully reloaded assembly
- Completed reload, in  1.732 seconds
Platform modules already initialized, skipping
Refreshing native plugins compatible for Editor in 1.49 ms, found 3 plugins.
Preloading 0 native plugins for Editor in 0.00 ms.
Unloading 2185 Unused Serialized files (Serialized files now loaded: 0)
System memory in use before: 99.5 MB.
System memory in use after: 99.7 MB.

Unloading 29 unused Assets to reduce memory usage. Loaded Objects now: 2735.
Total: 5.191800 ms (FindLiveObjects: 1.193200 ms CreateObjectMapping: 0.276000 ms MarkObjects: 3.680600 ms  DeleteObjects: 0.039500 ms)

========================================================================
Received Prepare
Registering precompiled user dll's ...
Registered in 0.005561 seconds.
Begin MonoManager ReloadAssembly
Native extension for WindowsStandalone target not found
Refreshing native plugins compatible for Editor in 0.95 ms, found 3 plugins.
Preloading 0 native plugins for Editor in 0.00 ms.
Mono: successfully reloaded assembly
- Completed reload, in  1.605 seconds
Platform modules already initialized, skipping
Refreshing native plugins compatible for Editor in 1.49 ms, found 3 plugins.
Preloading 0 native plugins for Editor in 0.00 ms.
Unloading 2185 Unused Serialized files (Serialized files now loaded: 0)
System memory in use before: 99.5 MB.
System memory in use after: 99.7 MB.

Unloading 29 unused Assets to reduce memory usage. Loaded Objects now: 2739.
Total: 4.614500 ms (FindLiveObjects: 0.393200 ms CreateObjectMapping: 0.100100 ms MarkObjects: 4.069600 ms  DeleteObjects: 0.048700 ms)

========================================================================
Received Prepare
Registering precompiled user dll's ...
Registered in 0.004916 seconds.
Begin MonoManager ReloadAssembly
Native extension for WindowsStandalone target not found
Refreshing native plugins compatible for Editor in 1.33 ms, found 3 plugins.
Preloading 0 native plugins for Editor in 0.00 ms.
Mono: successfully reloaded assembly
- Completed reload, in  1.863 seconds
Platform modules already initialized, skipping
Refreshing native plugins compatible for Editor in 1.01 ms, found 3 plugins.
Preloading 0 native plugins for Editor in 0.00 ms.
Unloading 2185 Unused Serialized files (Serialized files now loaded: 0)
System memory in use before: 99.5 MB.
System memory in use after: 99.7 MB.

Unloading 29 unused Assets to reduce memory usage. Loaded Objects now: 2743.
Total: 6.193500 ms (FindLiveObjects: 0.745000 ms CreateObjectMapping: 0.200500 ms MarkObjects: 5.195100 ms  DeleteObjects: 0.049000 ms)

========================================================================
Received Prepare
Registering precompiled user dll's ...
Registered in 0.003630 seconds.
Begin MonoManager ReloadAssembly
Native extension for WindowsStandalone target not found
Refreshing native plugins compatible for Editor in 1.24 ms, found 3 plugins.
Preloading 0 native plugins for Editor in 0.00 ms.
Mono: successfully reloaded assembly
- Completed reload, in  1.792 seconds
Platform modules already initialized, skipping
Refreshing native plugins compatible for Editor in 0.87 ms, found 3 plugins.
Preloading 0 native plugins for Editor in 0.00 ms.
Unloading 2185 Unused Serialized files (Serialized files now loaded: 0)
System memory in use before: 99.5 MB.
System memory in use after: 99.7 MB.

Unloading 29 unused Assets to reduce memory usage. Loaded Objects now: 2747.
Total: 5.296100 ms (FindLiveObjects: 0.433900 ms CreateObjectMapping: 0.162200 ms MarkObjects: 4.661300 ms  DeleteObjects: 0.036400 ms)

========================================================================
Received Prepare
Registering precompiled user dll's ...
Registered in 0.004658 seconds.
Begin MonoManager ReloadAssembly
Native extension for WindowsStandalone target not found
Refreshing native plugins compatible for Editor in 1.27 ms, found 3 plugins.
Preloading 0 native plugins for Editor in 0.00 ms.
Mono: successfully reloaded assembly
- Completed reload, in  2.020 seconds
Platform modules already initialized, skipping
Refreshing native plugins compatible for Editor in 0.88 ms, found 3 plugins.
Preloading 0 native plugins for Editor in 0.00 ms.
Unloading 2185 Unused Serialized files (Serialized files now loaded: 0)
System memory in use before: 99.5 MB.
System memory in use after: 99.7 MB.

Unloading 29 unused Assets to reduce memory usage. Loaded Objects now: 2751.
Total: 3.525700 ms (FindLiveObjects: 0.447000 ms CreateObjectMapping: 0.136100 ms MarkObjects: 2.905700 ms  DeleteObjects: 0.034700 ms)

========================================================================
Received Prepare
Registering precompiled user dll's ...
Registered in 0.005181 seconds.
Begin MonoManager ReloadAssembly
Native extension for WindowsStandalone target not found
Refreshing native plugins compatible for Editor in 0.93 ms, found 3 plugins.
Preloading 0 native plugins for Editor in 0.00 ms.
Mono: successfully reloaded assembly
- Completed reload, in  1.976 seconds
Platform modules already initialized, skipping
Refreshing native plugins compatible for Editor in 0.87 ms, found 3 plugins.
Preloading 0 native plugins for Editor in 0.00 ms.
Unloading 2185 Unused Serialized files (Serialized files now loaded: 0)
System memory in use before: 99.5 MB.
System memory in use after: 99.7 MB.

Unloading 29 unused Assets to reduce memory usage. Loaded Objects now: 2755.
Total: 5.976700 ms (FindLiveObjects: 0.480100 ms CreateObjectMapping: 0.130800 ms MarkObjects: 5.310800 ms  DeleteObjects: 0.052100 ms)

========================================================================
Received Import Request.
  Time since last request: 161.677642 seconds.
  path: Assets/Prefabs/SnakeHead.prefab
  artifactKey: Guid(a28d6a426e77e3a4fb4dbe5ac6398c29) Importer(815301076,1909f56bfc062723c751e8b465ee728b)
Start importing Assets/Prefabs/SnakeHead.prefab using Guid(a28d6a426e77e3a4fb4dbe5ac6398c29) Importer(815301076,1909f56bfc062723c751e8b465ee728b)  -> (artifact id: '770936f06311afd3eeb4d63930c86c66') in 0.264776 seconds
  Import took 0.274429 seconds .

========================================================================
Received Prepare
Registering precompiled user dll's ...
Registered in 0.003961 seconds.
Begin MonoManager ReloadAssembly
Native extension for WindowsStandalone target not found
Refreshing native plugins compatible for Editor in 1.69 ms, found 3 plugins.
Preloading 0 native plugins for Editor in 0.00 ms.
Mono: successfully reloaded assembly
- Completed reload, in  2.246 seconds
Platform modules already initialized, skipping
Refreshing native plugins compatible for Editor in 1.41 ms, found 3 plugins.
Preloading 0 native plugins for Editor in 0.00 ms.
Unloading 2185 Unused Serialized files (Serialized files now loaded: 0)
System memory in use before: 99.5 MB.
System memory in use after: 99.7 MB.

Unloading 29 unused Assets to reduce memory usage. Loaded Objects now: 2760.
Total: 10.185000 ms (FindLiveObjects: 1.360300 ms CreateObjectMapping: 0.766000 ms MarkObjects: 7.992700 ms  DeleteObjects: 0.059500 ms)

========================================================================
Received Import Request.
  Time since last request: 2015.586281 seconds.
  path: Assets/Scripts/CameraResolution.cs
  artifactKey: Guid(b99068f0effb39f4193060b1fd5fd0d2) Importer(815301076,1909f56bfc062723c751e8b465ee728b)
Start importing Assets/Scripts/CameraResolution.cs using Guid(b99068f0effb39f4193060b1fd5fd0d2) Importer(815301076,1909f56bfc062723c751e8b465ee728b)  -> (artifact id: '8be1f6e6bef35f3e5c4ebc49520b632a') in 0.022212 seconds
  Import took 0.030750 seconds .

========================================================================
Received Prepare
Registering precompiled user dll's ...
Registered in 0.010356 seconds.
Begin MonoManager ReloadAssembly
Native extension for WindowsStandalone target not found
Refreshing native plugins compatible for Editor in 1.20 ms, found 3 plugins.
Preloading 0 native plugins for Editor in 0.00 ms.
Mono: successfully reloaded assembly
- Completed reload, in  1.838 seconds
Platform modules already initialized, skipping
Refreshing native plugins compatible for Editor in 1.00 ms, found 3 plugins.
Preloading 0 native plugins for Editor in 0.00 ms.
Unloading 2186 Unused Serialized files (Serialized files now loaded: 0)
System memory in use before: 99.6 MB.
System memory in use after: 99.9 MB.

Unloading 29 unused Assets to reduce memory usage. Loaded Objects now: 2765.
Total: 4.826400 ms (FindLiveObjects: 0.365000 ms CreateObjectMapping: 0.088400 ms MarkObjects: 4.325300 ms  DeleteObjects: 0.045700 ms)

========================================================================
Received Prepare
Registering precompiled user dll's ...
Registered in 0.006907 seconds.
Begin MonoManager ReloadAssembly
Native extension for WindowsStandalone target not found
Refreshing native plugins compatible for Editor in 1.80 ms, found 3 plugins.
Preloading 0 native plugins for Editor in 0.00 ms.
Mono: successfully reloaded assembly
- Completed reload, in  2.468 seconds
Platform modules already initialized, skipping
Refreshing native plugins compatible for Editor in 1.51 ms, found 3 plugins.
Preloading 0 native plugins for Editor in 0.00 ms.
Unloading 2186 Unused Serialized files (Serialized files now loaded: 0)
System memory in use before: 99.7 MB.
System memory in use after: 99.9 MB.

Unloading 29 unused Assets to reduce memory usage. Loaded Objects now: 2769.
Total: 7.027400 ms (FindLiveObjects: 0.515700 ms CreateObjectMapping: 0.143600 ms MarkObjects: 6.305600 ms  DeleteObjects: 0.059200 ms)

========================================================================
Received Import Request.
  Time since last request: 442.665246 seconds.
  path: Assets/Scripts/CameraResolution.cs
  artifactKey: Guid(b99068f0effb39f4193060b1fd5fd0d2) Importer(815301076,1909f56bfc062723c751e8b465ee728b)
Start importing Assets/Scripts/CameraResolution.cs using Guid(b99068f0effb39f4193060b1fd5fd0d2) Importer(815301076,1909f56bfc062723c751e8b465ee728b)  -> (artifact id: 'fc89058f1fdcdb88a5288ca29f41971f') in 0.014008 seconds
  Import took 0.030854 seconds .

========================================================================
Received Prepare
Registering precompiled user dll's ...
Registered in 0.005312 seconds.
Begin MonoManager ReloadAssembly
Native extension for WindowsStandalone target not found
Refreshing native plugins compatible for Editor in 1.43 ms, found 3 plugins.
Preloading 0 native plugins for Editor in 0.00 ms.
Mono: successfully reloaded assembly
- Completed reload, in  1.863 seconds
Platform modules already initialized, skipping
Refreshing native plugins compatible for Editor in 1.23 ms, found 3 plugins.
Preloading 0 native plugins for Editor in 0.00 ms.
Unloading 2186 Unused Serialized files (Serialized files now loaded: 0)
System memory in use before: 99.7 MB.
System memory in use after: 99.9 MB.

Unloading 29 unused Assets to reduce memory usage. Loaded Objects now: 2773.
Total: 3.965200 ms (FindLiveObjects: 0.369700 ms CreateObjectMapping: 0.076900 ms MarkObjects: 3.472700 ms  DeleteObjects: 0.043600 ms)

========================================================================
Received Prepare
Registering precompiled user dll's ...
Registered in 0.004215 seconds.
Begin MonoManager ReloadAssembly
Native extension for WindowsStandalone target not found
Refreshing native plugins compatible for Editor in 0.85 ms, found 3 plugins.
Preloading 0 native plugins for Editor in 0.00 ms.
Mono: successfully reloaded assembly
- Completed reload, in  1.729 seconds
Platform modules already initialized, skipping
Refreshing native plugins compatible for Editor in 1.37 ms, found 3 plugins.
Preloading 0 native plugins for Editor in 0.00 ms.
Unloading 2186 Unused Serialized files (Serialized files now loaded: 0)
System memory in use before: 99.7 MB.
System memory in use after: 99.9 MB.

Unloading 29 unused Assets to reduce memory usage. Loaded Objects now: 2777.
Total: 3.792200 ms (FindLiveObjects: 0.366000 ms CreateObjectMapping: 0.075900 ms MarkObjects: 3.311800 ms  DeleteObjects: 0.036400 ms)

========================================================================
Received Prepare
Registering precompiled user dll's ...
Registered in 0.005378 seconds.
Begin MonoManager ReloadAssembly
Native extension for WindowsStandalone target not found
Refreshing native plugins compatible for Editor in 1.53 ms, found 3 plugins.
Preloading 0 native plugins for Editor in 0.00 ms.
Mono: successfully reloaded assembly
- Completed reload, in  2.231 seconds
Platform modules already initialized, skipping
Refreshing native plugins compatible for Editor in 1.79 ms, found 3 plugins.
Preloading 0 native plugins for Editor in 0.00 ms.
Unloading 2186 Unused Serialized files (Serialized files now loaded: 0)
System memory in use before: 99.7 MB.
System memory in use after: 99.9 MB.

Unloading 29 unused Assets to reduce memory usage. Loaded Objects now: 2781.
Total: 4.200700 ms (FindLiveObjects: 0.543600 ms CreateObjectMapping: 0.144800 ms MarkObjects: 3.471100 ms  DeleteObjects: 0.039100 ms)

AssetImportWorkerClient::OnTransportError - code=2 error=End of file
